# JRE version: OpenJDK Runtime Environment (11.0.10) (build 11.0.10+0-b96-7249189)
# Java VM: OpenJDK 64-Bit Server VM (11.0.10+0-b96-7249189, mixed mode, tiered, compressed oops, g1 gc, windows-amd64)
Heap:
 garbage-first heap   total 720896K, used 274944K [0x0000000080000000, 0x0000000100000000)
  region size 1024K, 2 young (2048K), 2 survivors (2048K)
 Metaspace       used 176078K, capacity 182127K, committed 182372K, reserved 1208320K
  class space    used 21369K, capacity 23616K, committed 23704K, reserved 1048576K
GC Heap History (20 events):
Event: 6123.477 GC heap after
{Heap after GC invocations=284 (full 0):
 garbage-first heap   total 492544K, used 197659K [0x0000000080000000, 0x0000000100000000)
  region size 1024K, 3 young (3072K), 3 survivors (3072K)
 Metaspace       used 174726K, capacity 180800K, committed 180964K, reserved 1206272K
  class space    used 21228K, capacity 23474K, committed 23576K, reserved 1048576K
}
Event: 6124.109 GC heap before
{Heap before GC invocations=284 (full 0):
 garbage-first heap   total 492544K, used 420891K [0x0000000080000000, 0x0000000100000000)
  region size 1024K, 221 young (226304K), 3 survivors (3072K)
 Metaspace       used 174729K, capacity 180801K, committed 180964K, reserved 1206272K
  class space    used 21228K, capacity 23474K, committed 23576K, reserved 1048576K
}
Event: 6124.139 GC heap after
{Heap after GC invocations=285 (full 0):
 garbage-first heap   total 492544K, used 202069K [0x0000000080000000, 0x0000000100000000)
  region size 1024K, 8 young (8192K), 8 survivors (8192K)
 Metaspace       used 174729K, capacity 180801K, committed 180964K, reserved 1206272K
  class space    used 21228K, capacity 23474K, committed 23576K, reserved 1048576K
}
Event: 6125.118 GC heap before
{Heap before GC invocations=286 (full 0):
 garbage-first heap   total 492544K, used 409941K [0x0000000080000000, 0x0000000100000000)
  region size 1024K, 222 young (227328K), 8 survivors (8192K)
 Metaspace       used 174735K, capacity 180802K, committed 180964K, reserved 1206272K
  class space    used 21228K, capacity 23474K, committed 23576K, reserved 1048576K
}
Event: 6125.135 GC heap after
{Heap after GC invocations=287 (full 0):
 garbage-first heap   total 492544K, used 190491K [0x0000000080000000, 0x0000000100000000)
  region size 1024K, 7 young (7168K), 7 survivors (7168K)
 Metaspace       used 174735K, capacity 180802K, committed 180964K, reserved 1206272K
  class space    used 21228K, capacity 23474K, committed 23576K, reserved 1048576K
}
Event: 6125.196 GC heap before
{Heap before GC invocations=287 (full 0):
 garbage-first heap   total 492544K, used 207899K [0x0000000080000000, 0x0000000100000000)
  region size 1024K, 24 young (24576K), 7 survivors (7168K)
 Metaspace       used 174736K, capacity 180802K, committed 180964K, reserved 1206272K
  class space    used 21228K, capacity 23474K, committed 23576K, reserved 1048576K
}
Event: 6125.210 GC heap after
{Heap after GC invocations=288 (full 0):
 garbage-first heap   total 492544K, used 179394K [0x0000000080000000, 0x0000000100000000)
  region size 1024K, 2 young (2048K), 2 survivors (2048K)
 Metaspace       used 174736K, capacity 180802K, committed 180964K, reserved 1206272K
  class space    used 21228K, capacity 23474K, committed 23576K, reserved 1048576K
}
Event: 6125.945 GC heap before
{Heap before GC invocations=288 (full 0):
 garbage-first heap   total 492544K, used 414914K [0x0000000080000000, 0x0000000100000000)
  region size 1024K, 232 young (237568K), 2 survivors (2048K)
 Metaspace       used 174739K, capacity 180803K, committed 180964K, reserved 1206272K
  class space    used 21228K, capacity 23474K, committed 23576K, reserved 1048576K
}
Event: 6125.953 GC heap after
{Heap after GC invocations=289 (full 0):
 garbage-first heap   total 492544K, used 179462K [0x0000000080000000, 0x0000000100000000)
  region size 1024K, 2 young (2048K), 2 survivors (2048K)
 Metaspace       used 174739K, capacity 180803K, committed 180964K, reserved 1206272K
  class space    used 21228K, capacity 23474K, committed 23576K, reserved 1048576K
}
Event: 6127.497 GC heap before
{Heap before GC invocations=290 (full 0):
 garbage-first heap   total 492544K, used 449798K [0x0000000080000000, 0x0000000100000000)
  region size 1024K, 235 young (240640K), 2 survivors (2048K)
 Metaspace       used 175446K, capacity 181534K, committed 181860K, reserved 1208320K
  class space    used 21318K, capacity 23585K, committed 23704K, reserved 1048576K
}
Event: 6127.530 GC heap after
{Heap after GC invocations=291 (full 0):
 garbage-first heap   total 492544K, used 221648K [0x0000000080000000, 0x0000000100000000)
  region size 1024K, 22 young (22528K), 22 survivors (22528K)
 Metaspace       used 175446K, capacity 181534K, committed 181860K, reserved 1208320K
  class space    used 21318K, capacity 23585K, committed 23704K, reserved 1048576K
}
Event: 6127.537 GC heap before
{Heap before GC invocations=291 (full 0):
 garbage-first heap   total 492544K, used 223696K [0x0000000080000000, 0x0000000100000000)
  region size 1024K, 24 young (24576K), 22 survivors (22528K)
 Metaspace       used 175446K, capacity 181534K, committed 181860K, reserved 1208320K
  class space    used 21318K, capacity 23585K, committed 23704K, reserved 1048576K
}
Event: 6127.568 GC heap after
{Heap after GC invocations=292 (full 0):
 garbage-first heap   total 492544K, used 220696K [0x0000000080000000, 0x0000000100000000)
  region size 1024K, 2 young (2048K), 2 survivors (2048K)
 Metaspace       used 175446K, capacity 181534K, committed 181860K, reserved 1208320K
  class space    used 21318K, capacity 23585K, committed 23704K, reserved 1048576K
}
Event: 6127.639 GC heap before
{Heap before GC invocations=292 (full 0):
 garbage-first heap   total 492544K, used 236056K [0x0000000080000000, 0x0000000100000000)
  region size 1024K, 18 young (18432K), 2 survivors (2048K)
 Metaspace       used 175474K, capacity 181545K, committed 181860K, reserved 1208320K
  class space    used 21319K, capacity 23586K, committed 23704K, reserved 1048576K
}
Event: 6127.655 GC heap after
{Heap after GC invocations=293 (full 0):
 garbage-first heap   total 492544K, used 223407K [0x0000000080000000, 0x0000000100000000)
  region size 1024K, 5 young (5120K), 5 survivors (5120K)
 Metaspace       used 175474K, capacity 181545K, committed 181860K, reserved 1208320K
  class space    used 21319K, capacity 23586K, committed 23704K, reserved 1048576K
}
Event: 6129.512 GC heap before
{Heap before GC invocations=294 (full 0):
 garbage-first heap   total 492544K, used 410799K [0x0000000080000000, 0x0000000100000000)
  region size 1024K, 189 young (193536K), 5 survivors (5120K)
 Metaspace       used 176074K, capacity 182127K, committed 182372K, reserved 1208320K
  class space    used 21369K, capacity 23616K, committed 23704K, reserved 1048576K
}
Event: 6129.630 GC heap after
{Heap after GC invocations=295 (full 0):
 garbage-first heap   total 492544K, used 277618K [0x0000000080000000, 0x0000000100000000)
  region size 1024K, 24 young (24576K), 24 survivors (24576K)
 Metaspace       used 176074K, capacity 182127K, committed 182372K, reserved 1208320K
  class space    used 21369K, capacity 23616K, committed 23704K, reserved 1048576K
}
Event: 6129.660 GC heap before
{Heap before GC invocations=295 (full 0):
 garbage-first heap   total 492544K, used 278642K [0x0000000080000000, 0x0000000100000000)
  region size 1024K, 25 young (25600K), 24 survivors (24576K)
 Metaspace       used 176077K, capacity 182127K, committed 182372K, reserved 1208320K
  class space    used 21369K, capacity 23616K, committed 23704K, reserved 1048576K
}
Event: 6129.740 GC heap after
{Heap after GC invocations=296 (full 0):
 garbage-first heap   total 492544K, used 274944K [0x0000000080000000, 0x0000000100000000)
  region size 1024K, 2 young (2048K), 2 survivors (2048K)
 Metaspace       used 176077K, capacity 182127K, committed 182372K, reserved 1208320K
  class space    used 21369K, capacity 23616K, committed 23704K, reserved 1048576K
}
Event: 6129.803 GC heap before
{Heap before GC invocations=296 (full 0):
 garbage-first heap   total 492544K, used 285184K [0x0000000080000000, 0x0000000100000000)
  region size 1024K, 13 young (13312K), 2 survivors (2048K)
 Metaspace       used 176078K, capacity 182127K, committed 182372K, reserved 1208320K
  class space    used 21369K, capacity 23616K, committed 23704K, reserved 1048576K
}

